2026-02-21 13:33:46 IST | heartbeat commit
2026-02-21 | commit 1 | 2026-02-21 14:45:51 IST
2026-02-21 | commit 2 | 2026-02-21 15:17:57 IST
2026-02-21 | commit 3 | 2026-02-21 15:31:56 IST
2026-02-21 | commit 4 | 2026-02-21 16:11:05 IST
2026-02-21 | commit 5 | 2026-02-21 16:30:40 IST
2026-02-21 | commit 6 | 2026-02-21 17:02:25 IST
2026-02-21 | commit 7 | 2026-02-21 17:20:37 IST
2026-02-21 | commit 8 | 2026-02-21 17:57:14 IST
2026-02-21 | commit 9 | 2026-02-21 18:56:14 IST
2026-02-21 | commit 10 | 2026-02-21 19:29:25 IST
2026-02-21 | commit 11 | 2026-02-21 20:06:56 IST
2026-02-21 | commit 12 | 2026-02-21 20:28:09 IST
2026-02-21 | commit 13 | 2026-02-21 21:04:15 IST
2026-02-21 | commit 14 | 2026-02-21 21:24:15 IST
2026-02-21 | commit 15 | 2026-02-21 22:00:33 IST
2026-02-21 | commit 16 | 2026-02-21 22:28:19 IST
2026-02-21 | commit 17 | 2026-02-21 23:04:53 IST
2026-02-21 | commit 18 | 2026-02-21 23:25:46 IST
2026-02-22 | commit 1 | 2026-02-22 00:12:00 IST
2026-02-22 | commit 2 | 2026-02-22 00:42:53 IST
2026-02-22 | commit 3 | 2026-02-22 01:09:30 IST
2026-02-22 | commit 4 | 2026-02-22 01:25:39 IST
2026-02-22 | commit 5 | 2026-02-22 02:00:34 IST
2026-02-22 | commit 6 | 2026-02-22 02:23:49 IST
2026-02-22 | commit 7 | 2026-02-22 02:53:01 IST
2026-02-22 | commit 8 | 2026-02-22 03:16:10 IST
2026-02-22 | commit 9 | 2026-02-22 03:28:52 IST
2026-02-22 | commit 10 | 2026-02-22 04:05:37 IST
2026-02-22 | commit 11 | 2026-02-22 04:27:01 IST
2026-02-22 | commit 12 | 2026-02-22 05:02:41 IST
2026-02-22 | commit 13 | 2026-02-22 05:22:39 IST
2026-02-22 | commit 14 | 2026-02-22 07:22:14 IST
2026-02-22 | commit 15 | 2026-02-22 09:42:43 IST
2026-02-22 | commit 16 | 2026-02-22 11:01:26 IST
2026-02-22 | commit 17 | 2026-02-22 11:55:38 IST
2026-02-22 | commit 18 | 2026-02-22 12:42:28 IST
2026-02-22 | commit 19 | 2026-02-22 13:20:44 IST
2026-02-22 | commit 20 | 2026-02-22 13:51:18 IST
2026-02-22 | commit 21 | 2026-02-22 14:24:51 IST
2026-02-22 | commit 22 | 2026-02-22 15:03:51 IST
2026-02-22 | commit 23 | 2026-02-22 15:26:40 IST
2026-02-22 | commit 24 | 2026-02-22 16:03:58 IST
2026-02-22 | commit 25 | 2026-02-22 16:26:57 IST
2026-02-22 | commit 26 | 2026-02-22 16:59:24 IST
2026-02-22 | commit 27 | 2026-02-22 17:18:19 IST
2026-02-22 | commit 28 | 2026-02-22 17:30:08 IST
2026-02-22 | commit 29 | 2026-02-22 18:40:25 IST
2026-02-22 | commit 30 | 2026-02-22 19:23:52 IST
2026-02-22 | commit 31 | 2026-02-22 19:55:57 IST
2026-02-22 | commit 32 | 2026-02-22 20:23:44 IST
2026-02-22 | commit 33 | 2026-02-22 20:54:02 IST
2026-02-22 | commit 34 | 2026-02-22 21:19:20 IST
2026-02-22 | commit 35 | 2026-02-22 21:44:47 IST
2026-02-22 | commit 36 | 2026-02-22 22:21:14 IST
2026-02-22 | commit 37 | 2026-02-22 22:50:08 IST
2026-02-22 | commit 38 | 2026-02-22 23:17:48 IST
2026-02-22 | commit 39 | 2026-02-22 23:31:37 IST
2026-02-23 | commit 1 | 2026-02-23 00:22:10 IST
2026-02-23 | commit 2 | 2026-02-23 00:50:53 IST
2026-02-23 | commit 3 | 2026-02-23 01:14:05 IST
2026-02-23 | commit 4 | 2026-02-23 01:28:14 IST
2026-02-23 | commit 5 | 2026-02-23 02:07:41 IST
2026-02-23 | commit 6 | 2026-02-23 02:28:10 IST
2026-02-23 | commit 7 | 2026-02-23 03:03:33 IST
2026-02-23 | commit 8 | 2026-02-23 03:23:46 IST
2026-02-23 | commit 9 | 2026-02-23 03:53:22 IST
2026-02-23 | commit 10 | 2026-02-23 04:21:11 IST
2026-02-23 | commit 11 | 2026-02-23 04:48:18 IST
2026-02-23 | commit 12 | 2026-02-23 05:14:44 IST
2026-02-23 | commit 13 | 2026-02-23 05:31:27 IST
2026-02-23 | commit 14 | 2026-02-23 08:45:51 IST
2026-02-23 | commit 15 | 2026-02-23 10:41:45 IST
2026-02-23 | commit 16 | 2026-02-23 11:46:11 IST
2026-02-23 | commit 17 | 2026-02-23 13:04:37 IST
2026-02-23 | commit 18 | 2026-02-23 13:55:50 IST
2026-02-23 | commit 19 | 2026-02-23 14:59:56 IST
2026-02-23 | commit 20 | 2026-02-23 16:00:51 IST
2026-02-23 | commit 21 | 2026-02-23 16:54:45 IST
2026-02-23 | commit 22 | 2026-02-23 17:29:50 IST
2026-02-23 | commit 23 | 2026-02-23 19:07:37 IST
2026-02-23 | commit 24 | 2026-02-23 20:02:04 IST
2026-02-23 | commit 25 | 2026-02-23 20:58:08 IST
2026-02-23 | commit 26 | 2026-02-23 22:01:39 IST
2026-02-23 | commit 27 | 2026-02-23 23:13:00 IST
2026-02-24 | commit 1 | 2026-02-24 00:11:40 IST
2026-02-24 | commit 2 | 2026-02-24 01:16:08 IST
2026-02-24 | commit 3 | 2026-02-24 01:58:42 IST
2026-02-24 | commit 4 | 2026-02-24 02:55:19 IST
2026-02-24 | commit 5 | 2026-02-24 03:38:57 IST
2026-02-24 | commit 6 | 2026-02-24 04:30:52 IST
2026-02-24 | commit 7 | 2026-02-24 05:13:00 IST
2026-02-24 | commit 8 | 2026-02-24 05:31:59 IST
2026-02-24 | commit 9 | 2026-02-24 08:41:26 IST
2026-02-24 | commit 10 | 2026-02-24 10:32:59 IST
2026-02-24 | commit 11 | 2026-02-24 11:40:36 IST
2026-02-24 | commit 12 | 2026-02-24 12:46:49 IST
2026-02-24 | commit 13 | 2026-02-24 13:33:27 IST
2026-02-24 | commit 14 | 2026-02-24 14:33:59 IST
2026-02-24 | commit 15 | 2026-02-24 15:36:21 IST
2026-02-24 | commit 16 | 2026-02-24 16:35:55 IST
2026-02-24 | commit 17 | 2026-02-24 17:23:52 IST
2026-02-24 | commit 18 | 2026-02-24 18:35:02 IST
2026-02-24 | commit 19 | 2026-02-24 19:45:23 IST
2026-02-24 | commit 20 | 2026-02-24 20:43:02 IST
2026-02-24 | commit 21 | 2026-02-24 21:45:42 IST
2026-02-24 | commit 22 | 2026-02-24 23:01:38 IST
2026-02-25 | commit 1 | 2026-02-25 00:03:43 IST
2026-02-25 | commit 2 | 2026-02-25 01:06:04 IST
2026-02-25 | commit 3 | 2026-02-25 01:33:01 IST
2026-02-25 | commit 4 | 2026-02-25 02:22:20 IST
2026-02-25 | commit 5 | 2026-02-25 02:59:46 IST
2026-02-25 | commit 6 | 2026-02-25 03:31:53 IST
2026-02-25 | commit 7 | 2026-02-25 04:19:08 IST
2026-02-25 | commit 8 | 2026-02-25 04:49:03 IST
2026-02-25 | commit 9 | 2026-02-25 05:21:37 IST
2026-02-25 | commit 10 | 2026-02-25 06:58:12 IST
2026-02-25 | commit 11 | 2026-02-25 09:34:03 IST
2026-02-25 | commit 12 | 2026-02-25 11:07:16 IST
2026-02-25 | commit 13 | 2026-02-25 12:13:10 IST
2026-02-25 | commit 14 | 2026-02-25 13:11:05 IST
2026-02-25 | commit 15 | 2026-02-25 14:01:00 IST
2026-02-25 | commit 16 | 2026-02-25 15:03:04 IST
2026-02-25 | commit 17 | 2026-02-25 16:01:59 IST
2026-02-25 | commit 18 | 2026-02-25 16:55:42 IST
2026-02-25 | commit 19 | 2026-02-25 17:31:22 IST
2026-02-25 | commit 20 | 2026-02-25 19:09:54 IST
2026-02-25 | commit 21 | 2026-02-25 20:07:40 IST
2026-02-25 | commit 22 | 2026-02-25 21:11:20 IST
2026-02-25 | commit 23 | 2026-02-25 22:20:21 IST
2026-02-25 | commit 24 | 2026-02-25 23:21:17 IST
2026-02-26 | commit 1 | 2026-02-26 00:24:12 IST
2026-02-26 | commit 2 | 2026-02-26 01:19:25 IST
2026-02-26 | commit 3 | 2026-02-26 01:52:52 IST
2026-02-26 | commit 4 | 2026-02-26 02:31:11 IST
2026-02-26 | commit 5 | 2026-02-26 03:16:53 IST
2026-02-26 | commit 6 | 2026-02-26 03:46:38 IST
2026-02-26 | commit 7 | 2026-02-26 04:26:04 IST
2026-02-26 | commit 8 | 2026-02-26 05:04:45 IST
2026-02-26 | commit 9 | 2026-02-26 05:28:47 IST
2026-02-26 | commit 10 | 2026-02-26 08:19:21 IST
2026-02-26 | commit 11 | 2026-02-26 10:13:23 IST
2026-02-26 | commit 12 | 2026-02-26 11:16:16 IST
2026-02-26 | commit 13 | 2026-02-26 12:11:31 IST
2026-02-26 | commit 14 | 2026-02-26 13:10:16 IST
2026-02-26 | commit 15 | 2026-02-26 13:57:49 IST
2026-02-26 | commit 16 | 2026-02-26 14:57:58 IST
2026-02-26 | commit 17 | 2026-02-26 15:56:11 IST
2026-02-26 | commit 18 | 2026-02-26 16:53:54 IST
2026-02-26 | commit 19 | 2026-02-26 17:29:56 IST
2026-02-26 | commit 20 | 2026-02-26 19:09:15 IST
2026-02-26 | commit 21 | 2026-02-26 20:06:05 IST
2026-02-26 | commit 22 | 2026-02-26 21:02:50 IST
2026-02-26 | commit 23 | 2026-02-26 22:04:32 IST
2026-02-26 | commit 24 | 2026-02-26 23:11:54 IST
2026-02-27 | commit 1 | 2026-02-27 00:01:00 IST
2026-02-27 | commit 2 | 2026-02-27 00:58:38 IST
2026-02-27 | commit 3 | 2026-02-27 01:34:34 IST
2026-02-27 | commit 4 | 2026-02-27 02:23:09 IST
2026-02-27 | commit 5 | 2026-02-27 03:00:23 IST
2026-02-27 | commit 6 | 2026-02-27 03:28:59 IST
2026-02-27 | commit 7 | 2026-02-27 04:16:06 IST
2026-02-27 | commit 8 | 2026-02-27 04:46:42 IST
2026-02-27 | commit 9 | 2026-02-27 05:19:05 IST
2026-02-27 | commit 10 | 2026-02-27 06:26:25 IST
2026-02-27 | commit 11 | 2026-02-27 09:02:39 IST
2026-02-27 | commit 12 | 2026-02-27 10:34:36 IST
2026-02-27 | commit 13 | 2026-02-27 11:34:33 IST
2026-02-27 | commit 14 | 2026-02-27 12:40:41 IST
2026-02-27 | commit 15 | 2026-02-27 13:26:55 IST
2026-02-27 | commit 16 | 2026-02-27 14:22:53 IST
2026-02-27 | commit 17 | 2026-02-27 15:07:57 IST
2026-02-27 | commit 18 | 2026-02-27 15:51:52 IST
2026-02-27 | commit 19 | 2026-02-27 16:34:13 IST
2026-02-27 | commit 20 | 2026-02-27 17:15:06 IST
2026-02-27 | commit 21 | 2026-02-27 17:54:58 IST
2026-02-27 | commit 22 | 2026-02-27 19:08:41 IST
2026-02-27 | commit 23 | 2026-02-27 19:54:37 IST
2026-02-27 | commit 24 | 2026-02-27 20:37:07 IST
2026-02-27 | commit 25 | 2026-02-27 21:21:52 IST
2026-02-27 | commit 26 | 2026-02-27 22:04:22 IST
2026-02-27 | commit 27 | 2026-02-27 22:38:07 IST
2026-02-27 | commit 28 | 2026-02-27 23:23:15 IST
2026-02-28 | commit 1 | 2026-02-28 00:10:14 IST
2026-02-28 | commit 2 | 2026-02-28 00:52:27 IST
2026-02-28 | commit 3 | 2026-02-28 01:22:39 IST
2026-02-28 | commit 4 | 2026-02-28 01:53:53 IST
2026-02-28 | commit 5 | 2026-02-28 02:23:19 IST
2026-02-28 | commit 6 | 2026-02-28 02:57:25 IST
2026-02-28 | commit 7 | 2026-02-28 03:23:33 IST
2026-02-28 | commit 8 | 2026-02-28 03:51:56 IST
2026-02-28 | commit 9 | 2026-02-28 04:19:07 IST
2026-02-28 | commit 10 | 2026-02-28 04:42:49 IST
2026-02-28 | commit 11 | 2026-02-28 05:11:07 IST
2026-02-28 | commit 12 | 2026-02-28 05:28:12 IST
2026-02-28 | commit 13 | 2026-02-28 08:05:51 IST
2026-02-28 | commit 14 | 2026-02-28 09:38:47 IST
2026-02-28 | commit 15 | 2026-02-28 10:34:08 IST
2026-02-28 | commit 16 | 2026-02-28 11:17:19 IST
2026-02-28 | commit 17 | 2026-02-28 11:49:39 IST
2026-02-28 | commit 18 | 2026-02-28 12:29:31 IST
2026-02-28 | commit 19 | 2026-02-28 13:05:48 IST
2026-02-28 | commit 20 | 2026-02-28 13:22:26 IST
2026-02-28 | commit 21 | 2026-02-28 13:53:53 IST
2026-02-28 | commit 22 | 2026-02-28 14:21:35 IST
2026-02-28 | commit 23 | 2026-02-28 14:49:58 IST
2026-02-28 | commit 24 | 2026-02-28 15:14:34 IST
2026-02-28 | commit 25 | 2026-02-28 15:28:14 IST
2026-02-28 | commit 26 | 2026-02-28 16:03:59 IST
2026-02-28 | commit 27 | 2026-02-28 16:23:33 IST
2026-02-28 | commit 28 | 2026-02-28 16:48:05 IST
2026-02-28 | commit 29 | 2026-02-28 17:07:38 IST
2026-02-28 | commit 30 | 2026-02-28 17:21:36 IST
2026-02-28 | commit 31 | 2026-02-28 18:01:40 IST
2026-02-28 | commit 32 | 2026-02-28 18:52:15 IST
2026-02-28 | commit 33 | 2026-02-28 19:22:17 IST
2026-02-28 | commit 34 | 2026-02-28 19:48:00 IST
2026-02-28 | commit 35 | 2026-02-28 20:13:29 IST
2026-02-28 | commit 36 | 2026-02-28 20:28:28 IST
2026-02-28 | commit 37 | 2026-02-28 21:02:10 IST
2026-02-28 | commit 38 | 2026-02-28 21:19:29 IST
2026-02-28 | commit 39 | 2026-02-28 21:42:48 IST
2026-02-28 | commit 40 | 2026-02-28 22:13:57 IST
2026-02-28 | commit 41 | 2026-02-28 22:29:42 IST
2026-02-28 | commit 42 | 2026-02-28 23:01:15 IST
2026-02-28 | commit 43 | 2026-02-28 23:20:12 IST
2026-02-28 | commit 44 | 2026-02-28 23:48:21 IST
2026-03-01 | commit 1 | 2026-03-01 00:21:57 IST
2026-03-01 | commit 2 | 2026-03-01 00:46:52 IST
2026-03-01 | commit 3 | 2026-03-01 01:07:10 IST
2026-03-01 | commit 4 | 2026-03-01 01:20:58 IST
2026-03-01 | commit 5 | 2026-03-01 01:46:30 IST
2026-03-01 | commit 6 | 2026-03-01 02:13:16 IST
2026-03-01 | commit 7 | 2026-03-01 02:28:51 IST
2026-03-01 | commit 8 | 2026-03-01 03:00:47 IST
2026-03-01 | commit 9 | 2026-03-01 03:18:08 IST
2026-03-01 | commit 10 | 2026-03-01 03:29:37 IST
2026-03-01 | commit 11 | 2026-03-01 04:04:02 IST
2026-03-01 | commit 12 | 2026-03-01 04:23:32 IST
2026-03-01 | commit 13 | 2026-03-01 04:49:44 IST
2026-03-01 | commit 14 | 2026-03-01 05:11:04 IST
2026-03-01 | commit 15 | 2026-03-01 05:25:05 IST
2026-03-01 | commit 16 | 2026-03-01 08:07:14 IST
2026-03-01 | commit 17 | 2026-03-01 10:05:18 IST
2026-03-01 | commit 18 | 2026-03-01 11:10:07 IST
2026-03-01 | commit 19 | 2026-03-01 11:58:33 IST
2026-03-01 | commit 20 | 2026-03-01 12:40:58 IST
2026-03-01 | commit 21 | 2026-03-01 13:18:19 IST
2026-03-01 | commit 22 | 2026-03-01 13:31:06 IST
2026-03-01 | commit 23 | 2026-03-01 14:15:18 IST
2026-03-01 | commit 24 | 2026-03-01 14:45:28 IST
2026-03-01 | commit 25 | 2026-03-01 15:17:01 IST
2026-03-01 | commit 26 | 2026-03-01 15:31:03 IST
2026-03-01 | commit 27 | 2026-03-01 16:08:31 IST
2026-03-01 | commit 28 | 2026-03-01 16:26:49 IST
2026-03-01 | commit 29 | 2026-03-01 16:57:44 IST
2026-03-01 | commit 30 | 2026-03-01 17:15:29 IST
2026-03-01 | commit 31 | 2026-03-01 17:27:49 IST
2026-03-01 | commit 32 | 2026-03-01 18:36:41 IST
2026-03-01 | commit 33 | 2026-03-01 19:18:07 IST
2026-03-01 | commit 34 | 2026-03-01 19:42:18 IST
2026-03-01 | commit 35 | 2026-03-01 20:13:50 IST
2026-03-01 | commit 36 | 2026-03-01 20:29:19 IST
2026-03-01 | commit 37 | 2026-03-01 21:03:58 IST
2026-03-01 | commit 38 | 2026-03-01 21:21:51 IST
2026-03-01 | commit 39 | 2026-03-01 21:50:36 IST
2026-03-01 | commit 40 | 2026-03-01 22:18:22 IST
2026-03-01 | commit 41 | 2026-03-01 22:42:12 IST
2026-03-01 | commit 42 | 2026-03-01 23:10:30 IST
2026-03-01 | commit 43 | 2026-03-01 23:26:51 IST
2026-03-02 | commit 1 | 2026-03-02 00:15:41 IST
2026-03-02 | commit 2 | 2026-03-02 00:41:24 IST
2026-03-02 | commit 3 | 2026-03-02 01:05:31 IST
2026-03-02 | commit 4 | 2026-03-02 01:21:19 IST
2026-03-02 | commit 5 | 2026-03-02 01:48:07 IST
2026-03-02 | commit 6 | 2026-03-02 02:15:03 IST
2026-03-02 | commit 7 | 2026-03-02 02:30:36 IST
2026-03-02 | commit 8 | 2026-03-02 03:03:39 IST
2026-03-02 | commit 9 | 2026-03-02 03:21:44 IST
2026-03-02 | commit 10 | 2026-03-02 03:47:40 IST
2026-03-02 | commit 11 | 2026-03-02 04:15:09 IST
2026-03-02 | commit 12 | 2026-03-02 04:30:25 IST
2026-03-02 | commit 13 | 2026-03-02 05:04:00 IST
2026-03-02 | commit 14 | 2026-03-02 05:23:45 IST
2026-03-02 | commit 15 | 2026-03-02 07:34:19 IST
2026-03-02 | commit 16 | 2026-03-02 09:51:58 IST
2026-03-02 | commit 17 | 2026-03-02 11:03:05 IST
2026-03-02 | commit 18 | 2026-03-02 12:04:45 IST
2026-03-02 | commit 19 | 2026-03-02 13:05:56 IST
2026-03-02 | commit 20 | 2026-03-02 13:36:24 IST
2026-03-02 | commit 21 | 2026-03-02 14:30:43 IST
2026-03-02 | commit 22 | 2026-03-02 15:33:05 IST
2026-03-02 | commit 23 | 2026-03-02 16:29:21 IST
2026-03-02 | commit 24 | 2026-03-02 17:07:35 IST
2026-03-02 | commit 25 | 2026-03-02 17:29:30 IST
2026-03-02 | commit 26 | 2026-03-02 18:50:43 IST
2026-03-02 | commit 27 | 2026-03-02 19:41:34 IST
2026-03-02 | commit 28 | 2026-03-02 20:31:38 IST
2026-03-02 | commit 29 | 2026-03-02 21:23:45 IST
2026-03-02 | commit 30 | 2026-03-02 22:15:03 IST
2026-03-02 | commit 31 | 2026-03-02 23:03:25 IST
2026-03-02 | commit 32 | 2026-03-02 23:37:17 IST
2026-03-03 | commit 1 | 2026-03-03 00:36:28 IST
2026-03-03 | commit 2 | 2026-03-03 01:19:35 IST
2026-03-03 | commit 3 | 2026-03-03 01:52:04 IST
2026-03-03 | commit 4 | 2026-03-03 02:29:55 IST
2026-03-03 | commit 5 | 2026-03-03 03:16:12 IST
2026-03-03 | commit 6 | 2026-03-03 03:45:07 IST
2026-03-03 | commit 7 | 2026-03-03 04:20:30 IST
2026-03-03 | commit 8 | 2026-03-03 04:46:44 IST
2026-03-03 | commit 9 | 2026-03-03 05:15:27 IST
2026-03-03 | commit 10 | 2026-03-03 05:32:46 IST
2026-03-03 | commit 11 | 2026-03-03 08:42:03 IST
2026-03-03 | commit 12 | 2026-03-03 10:28:01 IST
2026-03-03 | commit 13 | 2026-03-03 11:27:45 IST
2026-03-03 | commit 14 | 2026-03-03 12:34:09 IST
2026-03-03 | commit 15 | 2026-03-03 13:21:43 IST
2026-03-03 | commit 16 | 2026-03-03 14:03:26 IST
2026-03-03 | commit 17 | 2026-03-03 14:53:54 IST
2026-03-03 | commit 18 | 2026-03-03 15:36:10 IST
2026-03-03 | commit 19 | 2026-03-03 16:28:33 IST
2026-03-03 | commit 20 | 2026-03-03 17:11:03 IST
2026-03-03 | commit 21 | 2026-03-03 17:31:48 IST
2026-03-03 | commit 22 | 2026-03-03 18:50:31 IST
2026-03-03 | commit 23 | 2026-03-03 19:39:14 IST
2026-03-03 | commit 24 | 2026-03-03 20:35:58 IST
2026-03-03 | commit 25 | 2026-03-03 21:28:30 IST
2026-03-03 | commit 26 | 2026-03-03 22:30:59 IST
2026-03-03 | commit 27 | 2026-03-03 23:25:12 IST
2026-03-04 | commit 1 | 2026-03-04 00:26:01 IST
2026-03-04 | commit 2 | 2026-03-04 01:11:12 IST
2026-03-04 | commit 3 | 2026-03-04 01:32:42 IST
2026-03-04 | commit 4 | 2026-03-04 02:16:12 IST
2026-03-04 | commit 5 | 2026-03-04 02:49:42 IST
2026-03-04 | commit 6 | 2026-03-04 03:22:34 IST
2026-03-04 | commit 7 | 2026-03-04 03:54:23 IST
2026-03-04 | commit 8 | 2026-03-04 04:23:39 IST
2026-03-04 | commit 9 | 2026-03-04 04:56:17 IST
2026-03-04 | commit 10 | 2026-03-04 05:22:06 IST
2026-03-04 | commit 11 | 2026-03-04 06:58:50 IST
2026-03-04 | commit 12 | 2026-03-04 09:23:08 IST
2026-03-04 | commit 13 | 2026-03-04 10:37:20 IST
2026-03-04 | commit 14 | 2026-03-04 11:28:42 IST
2026-03-04 | commit 15 | 2026-03-04 12:31:54 IST
2026-03-04 | commit 16 | 2026-03-04 13:18:33 IST
2026-03-04 | commit 17 | 2026-03-04 13:52:25 IST
2026-03-04 | commit 18 | 2026-03-04 14:32:48 IST
2026-03-04 | commit 19 | 2026-03-04 15:24:57 IST
2026-03-04 | commit 20 | 2026-03-04 16:09:54 IST
2026-03-04 | commit 21 | 2026-03-04 16:47:15 IST
2026-03-04 | commit 22 | 2026-03-04 17:18:05 IST
2026-03-04 | commit 23 | 2026-03-04 17:55:37 IST
2026-03-04 | commit 24 | 2026-03-04 19:07:56 IST
2026-03-04 | commit 25 | 2026-03-04 19:55:47 IST
2026-03-04 | commit 26 | 2026-03-04 20:36:11 IST
2026-03-04 | commit 27 | 2026-03-04 21:27:06 IST
2026-03-04 | commit 28 | 2026-03-04 22:27:59 IST
2026-03-04 | commit 29 | 2026-03-04 23:19:26 IST
2026-03-05 | commit 1 | 2026-03-05 00:00:34 IST
2026-03-05 | commit 2 | 2026-03-05 00:54:06 IST
2026-03-05 | commit 3 | 2026-03-05 01:27:12 IST
2026-03-05 | commit 4 | 2026-03-05 02:11:13 IST
2026-03-05 | commit 5 | 2026-03-05 02:35:30 IST
2026-03-05 | commit 6 | 2026-03-05 03:18:11 IST
2026-03-05 | commit 7 | 2026-03-05 03:47:44 IST
2026-03-05 | commit 8 | 2026-03-05 04:23:48 IST
2026-03-05 | commit 9 | 2026-03-05 04:58:53 IST
2026-03-05 | commit 10 | 2026-03-05 05:25:01 IST
2026-03-05 | commit 11 | 2026-03-05 07:54:44 IST
2026-03-05 | commit 12 | 2026-03-05 09:53:31 IST
2026-03-05 | commit 13 | 2026-03-05 11:01:44 IST
2026-03-05 | commit 14 | 2026-03-05 11:59:16 IST
2026-03-05 | commit 15 | 2026-03-05 12:57:08 IST
2026-03-05 | commit 16 | 2026-03-05 13:32:04 IST
2026-03-05 | commit 17 | 2026-03-05 14:27:48 IST
2026-03-05 | commit 18 | 2026-03-05 15:25:55 IST
2026-03-05 | commit 19 | 2026-03-05 16:18:53 IST
2026-03-05 | commit 20 | 2026-03-05 16:53:40 IST
2026-03-05 | commit 21 | 2026-03-05 17:25:03 IST
2026-03-05 | commit 22 | 2026-03-05 18:36:20 IST
2026-03-05 | commit 23 | 2026-03-05 19:36:37 IST
2026-03-05 | commit 24 | 2026-03-05 20:34:18 IST
2026-03-05 | commit 25 | 2026-03-05 21:30:06 IST
2026-03-05 | commit 26 | 2026-03-05 23:45:26 IST
2026-03-06 | commit 1 | 2026-03-06 01:08:17 IST
2026-03-06 | commit 2 | 2026-03-06 01:51:07 IST
2026-03-06 | commit 3 | 2026-03-06 02:28:26 IST
2026-03-06 | commit 4 | 2026-03-06 03:16:09 IST
2026-03-06 | commit 5 | 2026-03-06 03:45:50 IST
2026-03-06 | commit 6 | 2026-03-06 05:00:33 IST
2026-03-06 | commit 7 | 2026-03-06 05:35:56 IST
2026-03-06 | commit 8 | 2026-03-06 08:20:25 IST
2026-03-06 | commit 9 | 2026-03-06 09:56:46 IST
2026-03-06 | commit 10 | 2026-03-06 11:02:59 IST
2026-03-06 | commit 11 | 2026-03-06 11:38:16 IST
2026-03-06 | commit 12 | 2026-03-06 12:37:38 IST
2026-03-06 | commit 13 | 2026-03-06 13:21:31 IST
2026-03-06 | commit 14 | 2026-03-06 14:00:06 IST
2026-03-06 | commit 15 | 2026-03-06 14:36:00 IST
2026-03-06 | commit 16 | 2026-03-06 15:25:05 IST
2026-03-06 | commit 17 | 2026-03-06 16:09:22 IST
2026-03-06 | commit 18 | 2026-03-06 16:45:30 IST
2026-03-06 | commit 19 | 2026-03-06 17:16:07 IST
2026-03-06 | commit 20 | 2026-03-06 17:32:33 IST
2026-03-06 | commit 21 | 2026-03-06 18:49:01 IST
2026-03-06 | commit 22 | 2026-03-06 19:34:26 IST
2026-03-06 | commit 23 | 2026-03-06 20:24:51 IST
2026-03-06 | commit 24 | 2026-03-06 21:09:34 IST
2026-03-06 | commit 25 | 2026-03-06 21:50:30 IST
2026-03-06 | commit 26 | 2026-03-06 22:33:41 IST
2026-03-06 | commit 27 | 2026-03-06 23:20:38 IST
2026-03-07 | commit 1 | 2026-03-07 00:01:44 IST
2026-03-07 | commit 2 | 2026-03-07 00:50:50 IST
2026-03-07 | commit 3 | 2026-03-07 01:22:28 IST
2026-03-07 | commit 4 | 2026-03-07 01:57:02 IST
2026-03-07 | commit 5 | 2026-03-07 02:27:30 IST
2026-03-07 | commit 6 | 2026-03-07 03:07:47 IST
2026-03-07 | commit 7 | 2026-03-07 03:27:54 IST
2026-03-07 | commit 8 | 2026-03-07 04:08:50 IST
2026-03-07 | commit 9 | 2026-03-07 04:31:40 IST
2026-03-07 | commit 10 | 2026-03-07 05:07:36 IST
2026-03-07 | commit 11 | 2026-03-07 05:27:10 IST
2026-03-07 | commit 12 | 2026-03-07 08:08:37 IST
2026-03-07 | commit 13 | 2026-03-07 09:43:41 IST
2026-03-07 | commit 14 | 2026-03-07 10:39:53 IST
2026-03-07 | commit 15 | 2026-03-07 11:22:34 IST
2026-03-07 | commit 16 | 2026-03-07 12:05:10 IST
2026-03-07 | commit 17 | 2026-03-07 12:36:46 IST
2026-03-07 | commit 18 | 2026-03-07 13:11:59 IST
2026-03-07 | commit 19 | 2026-03-07 13:28:04 IST
2026-03-07 | commit 20 | 2026-03-07 14:12:30 IST
2026-03-07 | commit 21 | 2026-03-07 14:32:51 IST
2026-03-07 | commit 22 | 2026-03-07 15:10:08 IST
2026-03-07 | commit 23 | 2026-03-07 15:27:18 IST
2026-03-07 | commit 24 | 2026-03-07 16:03:29 IST
2026-03-07 | commit 25 | 2026-03-07 16:23:23 IST
2026-03-07 | commit 26 | 2026-03-07 16:48:57 IST
2026-03-07 | commit 27 | 2026-03-07 17:08:52 IST
2026-03-07 | commit 28 | 2026-03-07 17:23:09 IST
2026-03-07 | commit 29 | 2026-03-07 18:11:35 IST
2026-03-07 | commit 30 | 2026-03-07 18:58:17 IST
2026-03-07 | commit 31 | 2026-03-07 19:26:51 IST
2026-03-07 | commit 32 | 2026-03-07 20:02:06 IST
2026-03-07 | commit 33 | 2026-03-07 20:24:18 IST
2026-03-07 | commit 34 | 2026-03-07 20:54:50 IST
2026-03-07 | commit 35 | 2026-03-07 21:16:16 IST
2026-03-07 | commit 36 | 2026-03-07 21:29:44 IST
2026-03-07 | commit 37 | 2026-03-07 22:09:53 IST
2026-03-07 | commit 38 | 2026-03-07 22:28:38 IST
2026-03-07 | commit 39 | 2026-03-07 23:01:10 IST
2026-03-07 | commit 40 | 2026-03-07 23:21:04 IST
2026-03-07 | commit 41 | 2026-03-07 23:52:28 IST
2026-03-08 | commit 1 | 2026-03-08 00:25:27 IST
2026-03-08 | commit 2 | 2026-03-08 00:55:32 IST
2026-03-08 | commit 3 | 2026-03-08 01:14:22 IST
2026-03-08 | commit 4 | 2026-03-08 01:26:45 IST
2026-03-08 | commit 5 | 2026-03-08 02:04:23 IST
2026-03-08 | commit 6 | 2026-03-08 02:24:17 IST
2026-03-08 | commit 7 | 2026-03-08 02:52:00 IST
2026-03-08 | commit 8 | 2026-03-08 03:11:48 IST
2026-03-08 | commit 9 | 2026-03-08 03:25:10 IST
2026-03-08 | commit 10 | 2026-03-08 03:57:05 IST
2026-03-08 | commit 11 | 2026-03-08 04:20:46 IST
2026-03-08 | commit 12 | 2026-03-08 04:44:36 IST
2026-03-08 | commit 13 | 2026-03-08 05:09:47 IST
2026-03-08 | commit 14 | 2026-03-08 05:25:36 IST
2026-03-08 | commit 15 | 2026-03-08 08:04:18 IST
2026-03-08 | commit 16 | 2026-03-08 09:55:08 IST
2026-03-08 | commit 17 | 2026-03-08 10:59:48 IST
2026-03-08 | commit 18 | 2026-03-08 11:36:02 IST
2026-03-08 | commit 19 | 2026-03-08 12:29:21 IST
2026-03-08 | commit 20 | 2026-03-08 13:08:45 IST
2026-03-08 | commit 21 | 2026-03-08 13:27:07 IST
2026-03-08 | commit 22 | 2026-03-08 14:11:26 IST
2026-03-08 | commit 23 | 2026-03-08 14:32:21 IST
2026-03-08 | commit 24 | 2026-03-08 15:10:58 IST
2026-03-08 | commit 25 | 2026-03-08 15:28:32 IST
2026-03-08 | commit 26 | 2026-03-08 16:06:03 IST
2026-03-08 | commit 27 | 2026-03-08 16:26:23 IST
2026-03-08 | commit 28 | 2026-03-08 16:57:54 IST
2026-03-08 | commit 29 | 2026-03-08 17:16:48 IST
2026-03-08 | commit 30 | 2026-03-08 17:29:05 IST
2026-03-08 | commit 31 | 2026-03-08 18:37:55 IST
2026-03-08 | commit 32 | 2026-03-08 19:19:41 IST
2026-03-08 | commit 33 | 2026-03-08 19:45:00 IST
2026-03-08 | commit 34 | 2026-03-08 20:15:33 IST
2026-03-08 | commit 35 | 2026-03-08 20:31:02 IST
2026-03-08 | commit 36 | 2026-03-08 21:05:08 IST
2026-03-08 | commit 37 | 2026-03-08 21:23:11 IST
2026-03-08 | commit 38 | 2026-03-08 21:55:40 IST
2026-03-08 | commit 39 | 2026-03-08 22:23:17 IST
2026-03-08 | commit 40 | 2026-03-08 22:51:03 IST
2026-03-08 | commit 41 | 2026-03-08 23:15:05 IST
2026-03-08 | commit 42 | 2026-03-08 23:29:47 IST
2026-03-09 | commit 1 | 2026-03-09 00:19:44 IST
2026-03-09 | commit 2 | 2026-03-09 00:45:34 IST
2026-03-09 | commit 3 | 2026-03-09 01:10:29 IST
2026-03-09 | commit 4 | 2026-03-09 01:25:31 IST
2026-03-09 | commit 5 | 2026-03-09 02:02:11 IST
2026-03-09 | commit 6 | 2026-03-09 02:24:23 IST
2026-03-09 | commit 7 | 2026-03-09 02:54:59 IST
2026-03-09 | commit 8 | 2026-03-09 03:17:16 IST
2026-03-09 | commit 9 | 2026-03-09 03:29:41 IST
2026-03-09 | commit 10 | 2026-03-09 04:05:52 IST
2026-03-09 | commit 11 | 2026-03-09 04:26:18 IST
2026-03-09 | commit 12 | 2026-03-09 05:01:00 IST
2026-03-09 | commit 13 | 2026-03-09 05:22:22 IST
2026-03-09 | commit 14 | 2026-03-09 07:19:21 IST
2026-03-09 | commit 15 | 2026-03-09 09:34:08 IST
2026-03-09 | commit 16 | 2026-03-09 11:03:37 IST
2026-03-09 | commit 17 | 2026-03-09 12:09:30 IST
2026-03-09 | commit 18 | 2026-03-09 13:08:49 IST
2026-03-09 | commit 19 | 2026-03-09 13:56:28 IST
2026-03-09 | commit 20 | 2026-03-09 14:40:17 IST
2026-03-09 | commit 21 | 2026-03-09 15:37:51 IST
2026-03-09 | commit 22 | 2026-03-09 16:33:22 IST
2026-03-09 | commit 23 | 2026-03-09 17:16:36 IST
2026-03-09 | commit 24 | 2026-03-09 17:57:58 IST
2026-03-09 | commit 25 | 2026-03-09 19:17:15 IST
2026-03-09 | commit 26 | 2026-03-09 20:08:26 IST
2026-03-09 | commit 27 | 2026-03-09 21:10:38 IST
2026-03-09 | commit 28 | 2026-03-09 22:10:45 IST
2026-03-09 | commit 29 | 2026-03-09 23:04:27 IST
2026-03-09 | commit 30 | 2026-03-09 23:58:43 IST
2026-03-10 | commit 1 | 2026-03-10 00:55:04 IST
2026-03-10 | commit 2 | 2026-03-10 01:28:15 IST
2026-03-10 | commit 3 | 2026-03-10 02:15:54 IST
2026-03-10 | commit 4 | 2026-03-10 02:48:15 IST
2026-03-10 | commit 5 | 2026-03-10 03:21:17 IST
2026-03-10 | commit 6 | 2026-03-10 03:51:04 IST
2026-03-10 | commit 7 | 2026-03-10 04:22:16 IST
2026-03-10 | commit 8 | 2026-03-10 04:53:26 IST
2026-03-10 | commit 9 | 2026-03-10 05:20:46 IST
2026-03-10 | commit 10 | 2026-03-10 06:40:51 IST
2026-03-10 | commit 11 | 2026-03-10 09:04:43 IST
2026-03-10 | commit 12 | 2026-03-10 10:30:02 IST
2026-03-10 | commit 13 | 2026-03-10 11:25:48 IST
2026-03-10 | commit 14 | 2026-03-10 12:27:54 IST
2026-03-10 | commit 15 | 2026-03-10 13:18:04 IST
2026-03-10 | commit 16 | 2026-03-10 13:54:24 IST
2026-03-10 | commit 17 | 2026-03-10 14:38:08 IST
2026-03-10 | commit 18 | 2026-03-10 15:30:15 IST
2026-03-10 | commit 19 | 2026-03-10 16:25:34 IST
2026-03-10 | commit 20 | 2026-03-10 17:06:21 IST
2026-03-10 | commit 21 | 2026-03-10 17:30:32 IST
2026-03-10 | commit 22 | 2026-03-10 18:53:19 IST
2026-03-10 | commit 23 | 2026-03-10 19:41:59 IST
2026-03-10 | commit 24 | 2026-03-10 20:42:09 IST
2026-03-10 | commit 25 | 2026-03-10 21:46:27 IST
2026-03-10 | commit 26 | 2026-03-10 22:41:59 IST
2026-03-10 | commit 27 | 2026-03-10 23:32:32 IST
2026-03-11 | commit 1 | 2026-03-11 00:34:51 IST
2026-03-11 | commit 2 | 2026-03-11 01:19:26 IST
2026-03-11 | commit 3 | 2026-03-11 01:50:10 IST
2026-03-11 | commit 4 | 2026-03-11 02:25:07 IST
2026-03-11 | commit 5 | 2026-03-11 03:02:06 IST
2026-03-11 | commit 6 | 2026-03-11 03:24:51 IST
2026-03-11 | commit 7 | 2026-03-11 04:01:13 IST
2026-03-11 | commit 8 | 2026-03-11 04:26:57 IST
2026-03-11 | commit 9 | 2026-03-11 05:05:14 IST
2026-03-11 | commit 10 | 2026-03-11 05:25:54 IST
2026-03-11 | commit 11 | 2026-03-11 07:59:26 IST
2026-03-11 | commit 12 | 2026-03-11 09:52:38 IST
2026-03-11 | commit 13 | 2026-03-11 11:00:58 IST
2026-03-11 | commit 14 | 2026-03-11 13:01:55 IST | hacker-news,dashboard,learning-log
2026-03-11 | commit 15 | 2026-03-11 13:35:15 IST | dashboard,learning-log
2026-03-11 | commit 16 | 2026-03-11 14:29:32 IST | dashboard,learning-log
2026-03-11 | commit 17 | 2026-03-11 15:19:22 IST | dashboard,learning-log
2026-03-11 | commit 18 | 2026-03-11 16:00:53 IST | hacker-news,dashboard,learning-log
2026-03-11 | commit 19 | 2026-03-11 16:49:46 IST | crypto,dashboard,learning-log
2026-03-11 | commit 20 | 2026-03-11 17:22:29 IST | dashboard,learning-log
2026-03-11 | commit 21 | 2026-03-11 18:09:48 IST | hacker-news,dashboard,learning-log
2026-03-11 | commit 22 | 2026-03-11 19:21:03 IST | dashboard,learning-log
2026-03-11 | commit 23 | 2026-03-11 20:10:53 IST | hacker-news,dashboard,learning-log
2026-03-11 | commit 24 | 2026-03-11 21:00:08 IST | hacker-news,dashboard,learning-log
2026-03-11 | commit 25 | 2026-03-11 21:43:04 IST | dashboard,learning-log
2026-03-11 | commit 26 | 2026-03-11 22:40:44 IST | dashboard,learning-log
2026-03-11 | commit 27 | 2026-03-11 23:32:37 IST | github,hacker-news,crypto,dashboard,learning-log
2026-03-12 | commit 1 | 2026-03-12 00:39:31 IST | dashboard,learning-log
2026-03-12 | commit 2 | 2026-03-12 01:19:41 IST | dashboard,learning-log
2026-03-12 | commit 3 | 2026-03-12 01:56:07 IST | crypto,dashboard,learning-log
2026-03-12 | commit 4 | 2026-03-12 02:26:12 IST | dashboard,learning-log
2026-03-12 | commit 5 | 2026-03-12 02:57:35 IST | crypto,dashboard,learning-log
2026-03-12 | commit 6 | 2026-03-12 03:24:42 IST | dashboard,learning-log
2026-03-12 | commit 7 | 2026-03-12 03:50:02 IST | crypto,dashboard,learning-log
2026-03-12 | commit 8 | 2026-03-12 04:17:31 IST | dashboard,learning-log
2026-03-12 | commit 9 | 2026-03-12 04:48:10 IST | crypto,dashboard,learning-log
2026-03-12 | commit 10 | 2026-03-12 05:16:52 IST | dashboard,learning-log
2026-03-12 | commit 11 | 2026-03-12 06:42:31 IST | dashboard,learning-log
2026-03-12 | commit 12 | 2026-03-12 09:09:53 IST | hacker-news,dashboard,learning-log
2026-03-12 | commit 13 | 2026-03-12 10:36:44 IST | dashboard,learning-log
2026-03-12 | commit 14 | 2026-03-12 11:35:26 IST | github,hacker-news,crypto,dashboard,learning-log
2026-03-12 | commit 15 | 2026-03-12 12:42:20 IST | dashboard,learning-log
2026-03-12 | commit 16 | 2026-03-12 13:24:51 IST | dashboard,learning-log
2026-03-12 | commit 17 | 2026-03-12 14:02:58 IST | hacker-news,dashboard,learning-log
2026-03-12 | commit 18 | 2026-03-12 14:56:43 IST | crypto,dashboard,learning-log
2026-03-12 | commit 19 | 2026-03-12 15:35:54 IST | dashboard,learning-log
2026-03-12 | commit 20 | 2026-03-12 16:28:53 IST | dashboard,learning-log
2026-03-12 | commit 21 | 2026-03-12 17:03:12 IST | hacker-news,dashboard,learning-log
2026-03-12 | commit 22 | 2026-03-12 17:27:32 IST | dashboard,learning-log
2026-03-12 | commit 23 | 2026-03-12 18:26:21 IST | dashboard,learning-log
2026-03-12 | commit 24 | 2026-03-12 19:30:32 IST | dashboard,learning-log
2026-03-12 | commit 25 | 2026-03-12 20:37:13 IST | dashboard,learning-log
2026-03-12 | commit 26 | 2026-03-12 21:43:00 IST | dashboard,learning-log
2026-03-12 | commit 27 | 2026-03-12 22:40:46 IST | dashboard,learning-log
2026-03-12 | commit 28 | 2026-03-12 23:30:25 IST | github,hacker-news,crypto,dashboard,learning-log
2026-03-13 | commit 1 | 2026-03-13 00:40:02 IST | dashboard,learning-log
2026-03-13 | commit 2 | 2026-03-13 01:21:15 IST | dashboard,learning-log
2026-03-13 | commit 3 | 2026-03-13 01:55:55 IST | crypto,dashboard,learning-log
2026-03-13 | commit 4 | 2026-03-13 02:28:50 IST | dashboard,learning-log
2026-03-13 | commit 5 | 2026-03-13 03:05:09 IST | hacker-news,dashboard,learning-log
2026-03-13 | commit 6 | 2026-03-13 03:29:29 IST | dashboard,learning-log
2026-03-13 | commit 7 | 2026-03-13 03:59:51 IST | crypto,dashboard,learning-log
2026-03-13 | commit 8 | 2026-03-13 04:24:21 IST | dashboard,learning-log
2026-03-13 | commit 9 | 2026-03-13 04:50:20 IST | crypto,dashboard,learning-log
2026-03-13 | commit 10 | 2026-03-13 05:18:09 IST | dashboard,learning-log
2026-03-13 | commit 11 | 2026-03-13 06:47:17 IST | crypto,dashboard,learning-log
2026-03-13 | commit 12 | 2026-03-13 09:10:49 IST | hacker-news,dashboard,learning-log
2026-03-13 | commit 13 | 2026-03-13 10:34:36 IST | dashboard,learning-log
2026-03-13 | commit 14 | 2026-03-13 11:32:40 IST | github,hacker-news,crypto,dashboard,learning-log
2026-03-13 | commit 15 | 2026-03-13 12:41:04 IST | dashboard,learning-log
2026-03-13 | commit 16 | 2026-03-13 13:25:04 IST | dashboard,learning-log
2026-03-13 | commit 17 | 2026-03-13 14:00:39 IST | hacker-news,dashboard,learning-log
2026-03-13 | commit 18 | 2026-03-13 14:53:04 IST | crypto,dashboard,learning-log
2026-03-13 | commit 19 | 2026-03-13 15:30:44 IST | dashboard,learning-log
2026-03-13 | commit 20 | 2026-03-13 16:25:38 IST | dashboard,learning-log
2026-03-13 | commit 21 | 2026-03-13 16:55:54 IST | crypto,dashboard,learning-log
2026-03-13 | commit 22 | 2026-03-13 17:21:28 IST | dashboard,learning-log
2026-03-13 | commit 23 | 2026-03-13 18:08:03 IST | hacker-news,dashboard,learning-log
2026-03-13 | commit 24 | 2026-03-13 18:49:58 IST | crypto,dashboard,learning-log
2026-03-13 | commit 25 | 2026-03-13 19:41:06 IST | dashboard,learning-log
2026-03-13 | commit 26 | 2026-03-13 20:33:32 IST | dashboard,learning-log
2026-03-13 | commit 27 | 2026-03-13 21:28:19 IST | dashboard,learning-log
2026-03-13 | commit 28 | 2026-03-13 22:23:07 IST | dashboard,learning-log
2026-03-13 | commit 29 | 2026-03-13 23:06:22 IST | hacker-news,dashboard,learning-log
2026-03-13 | commit 30 | 2026-03-13 23:50:55 IST | crypto,dashboard,learning-log
2026-03-14 | commit 1 | 2026-03-14 00:38:07 IST | dashboard,learning-log
2026-03-14 | commit 2 | 2026-03-14 01:17:33 IST | dashboard,learning-log
2026-03-14 | commit 3 | 2026-03-14 02:07:30 IST | hacker-news,dashboard,learning-log
2026-03-14 | commit 4 | 2026-03-14 02:47:15 IST | crypto,dashboard,learning-log
2026-03-14 | commit 5 | 2026-03-14 03:26:02 IST | dashboard,learning-log
2026-03-14 | commit 6 | 2026-03-14 04:05:40 IST | hacker-news,dashboard,learning-log
2026-03-14 | commit 7 | 2026-03-14 04:31:12 IST | dashboard,learning-log
2026-03-14 | commit 8 | 2026-03-14 05:13:52 IST | hacker-news,dashboard,learning-log
2026-03-14 | commit 9 | 2026-03-14 05:33:00 IST | github,hacker-news,crypto,dashboard,learning-log
2026-03-14 | commit 10 | 2026-03-14 08:36:39 IST | dashboard,learning-log
2026-03-14 | commit 11 | 2026-03-14 10:22:57 IST | dashboard,learning-log
2026-03-14 | commit 12 | 2026-03-14 11:18:04 IST | dashboard,learning-log
2026-03-14 | commit 13 | 2026-03-14 12:21:23 IST | dashboard,learning-log
2026-03-14 | commit 14 | 2026-03-14 13:06:22 IST | hacker-news,dashboard,learning-log
2026-03-14 | commit 15 | 2026-03-14 13:30:27 IST | dashboard,learning-log
2026-03-14 | commit 16 | 2026-03-14 14:22:30 IST | dashboard,learning-log
2026-03-14 | commit 17 | 2026-03-14 15:05:24 IST | hacker-news,dashboard,learning-log
2026-03-14 | commit 18 | 2026-03-14 15:31:04 IST | dashboard,learning-log
2026-03-14 | commit 19 | 2026-03-14 16:16:48 IST | dashboard,learning-log
2026-03-14 | commit 20 | 2026-03-14 16:55:47 IST | crypto,dashboard,learning-log
2026-03-14 | commit 21 | 2026-03-14 17:18:14 IST | dashboard,learning-log
2026-03-14 | commit 22 | 2026-03-14 18:26:05 IST | dashboard,learning-log
2026-03-14 | commit 23 | 2026-03-14 19:20:11 IST | dashboard,learning-log
2026-03-14 | commit 24 | 2026-03-14 20:01:23 IST | hacker-news,dashboard,learning-log
2026-03-14 | commit 25 | 2026-03-14 20:31:36 IST | dashboard,learning-log
2026-03-14 | commit 26 | 2026-03-14 21:12:37 IST | hacker-news,dashboard,learning-log
2026-03-14 | commit 27 | 2026-03-14 21:31:00 IST | dashboard,learning-log
2026-03-14 | commit 28 | 2026-03-14 22:19:05 IST | dashboard,learning-log
2026-03-14 | commit 29 | 2026-03-14 22:58:40 IST | crypto,dashboard,learning-log
2026-03-14 | commit 30 | 2026-03-14 23:24:19 IST | dashboard,learning-log
2026-03-15 | commit 1 | 2026-03-15 00:11:28 IST | hacker-news,dashboard,learning-log
2026-03-15 | commit 2 | 2026-03-15 00:45:55 IST | crypto,dashboard,learning-log
2026-03-15 | commit 3 | 2026-03-15 01:18:23 IST | dashboard,learning-log
2026-03-15 | commit 4 | 2026-03-15 02:01:08 IST | hacker-news,dashboard,learning-log
2026-03-15 | commit 5 | 2026-03-15 02:31:02 IST | dashboard,learning-log
2026-03-15 | commit 6 | 2026-03-15 03:11:53 IST | hacker-news,dashboard,learning-log
2026-03-15 | commit 7 | 2026-03-15 03:29:00 IST | dashboard,learning-log
2026-03-15 | commit 8 | 2026-03-15 04:07:26 IST | hacker-news,dashboard,learning-log
2026-03-15 | commit 9 | 2026-03-15 04:30:59 IST | dashboard,learning-log
2026-03-15 | commit 10 | 2026-03-15 05:13:20 IST | hacker-news,dashboard,learning-log
2026-03-15 | commit 11 | 2026-03-15 05:31:52 IST | github,hacker-news,crypto,dashboard,learning-log
2026-03-15 | commit 12 | 2026-03-15 09:01:09 IST | hacker-news,dashboard,learning-log
2026-03-15 | commit 13 | 2026-03-15 10:52:16 IST | crypto,dashboard,learning-log
2026-03-15 | commit 14 | 2026-03-15 12:03:36 IST | hacker-news,dashboard,learning-log
2026-03-15 | commit 15 | 2026-03-15 13:04:06 IST | hacker-news,dashboard,learning-log
2026-03-15 | commit 16 | 2026-03-15 13:35:06 IST | dashboard,learning-log
2026-03-15 | commit 17 | 2026-03-15 14:25:32 IST | dashboard,learning-log
2026-03-15 | commit 18 | 2026-03-15 15:08:33 IST | hacker-news,dashboard,learning-log
2026-03-15 | commit 19 | 2026-03-15 15:31:35 IST | dashboard,learning-log
2026-03-15 | commit 20 | 2026-03-15 16:19:54 IST | dashboard,learning-log
2026-03-15 | commit 21 | 2026-03-15 16:58:24 IST | crypto,dashboard,learning-log
2026-03-15 | commit 22 | 2026-03-15 17:20:49 IST | dashboard,learning-log
2026-03-15 | commit 23 | 2026-03-15 18:27:31 IST | dashboard,learning-log
2026-03-15 | commit 24 | 2026-03-15 19:22:19 IST | dashboard,learning-log
2026-03-15 | commit 25 | 2026-03-15 20:02:41 IST | hacker-news,dashboard,learning-log
2026-03-15 | commit 26 | 2026-03-15 20:32:18 IST | dashboard,learning-log
2026-03-15 | commit 27 | 2026-03-15 21:14:42 IST | hacker-news,dashboard,learning-log
2026-03-15 | commit 28 | 2026-03-15 21:32:17 IST | dashboard,learning-log
2026-03-15 | commit 29 | 2026-03-15 22:19:39 IST | dashboard,learning-log
2026-03-15 | commit 30 | 2026-03-15 23:00:02 IST | hacker-news,dashboard,learning-log
2026-03-15 | commit 31 | 2026-03-15 23:26:05 IST | dashboard,learning-log
2026-03-16 | commit 1 | 2026-03-16 00:16:24 IST | dashboard,learning-log
2026-03-16 | commit 2 | 2026-03-16 00:59:29 IST | crypto,dashboard,learning-log
2026-03-16 | commit 3 | 2026-03-16 01:22:22 IST | dashboard,learning-log
2026-03-16 | commit 4 | 2026-03-16 02:02:15 IST | hacker-news,dashboard,learning-log
2026-03-16 | commit 5 | 2026-03-16 02:31:53 IST | dashboard,learning-log
2026-03-16 | commit 6 | 2026-03-16 03:13:06 IST | hacker-news,dashboard,learning-log
2026-03-16 | commit 7 | 2026-03-16 03:30:17 IST | dashboard,learning-log
